libgodot-cpp.windows.template_debug.x86_64.lib(godot.windows.template_debug.x86_64.obj) : error LNK2038: mismatch detected for '_ITERATOR_DEBUG_LEVEL': value '0' doesn't match value '2' in register_types.obj
libgodot-cpp.windows.template_debug.x86_64.lib(godot.windows.template_debug.x86_64.obj) : error LNK2038: mismatch detected for 'RuntimeLibrary': value 'MT_StaticRelease' doesn't match value 'MDd_DynamicDebug' in register_types.obj
libgodot-cpp.windows.template_debug.x86_64.lib(register_engine_classes.windows.template_debug.x86_64.obj) : error LNK2038: mismatch detected for '_ITERATOR_DEBUG_LEVEL': value '0' doesn't match value '2' in register_types.obj
libgodot-cpp.windows.template_debug.x86_64.lib(register_engine_classes.windows.template_debug.x86_64.obj) : error LNK2038: mismatch detected for 'RuntimeLibrary': value 'MT_StaticRelease' doesn't match value 'MDd_DynamicDebug' in register_types.obj
libgodot-cpp.windows.template_debug.x86_64.lib(error_macros.windows.template_debug.x86_64.obj) : error LNK2038: mismatch detected for '_ITERATOR_DEBUG_LEVEL': value '0' doesn't match value '2' in register_types.obj
libgodot-cpp.windows.template_debug.x86_64.lib(error_macros.windows.template_debug.x86_64.obj) : error LNK2038: mismatch detected for 'RuntimeLibrary': value 'MT_StaticRelease' doesn't match value 'MDd_DynamicDebug' in register_types.obj
libgodot-cpp.windows.template_debug.x86_64.lib(variant.windows.template_debug.x86_64.obj) : error LNK2038: mismatch detected for '_ITERATOR_DEBUG_LEVEL': value '0' doesn't match value '2' in register_types.obj
libgodot-cpp.windows.template_debug.x86_64.lib(variant.windows.template_debug.x86_64.obj) : error LNK2038: mismatch detected for 'RuntimeLibrary': value 'MT_StaticRelease' doesn't match value 'MDd_DynamicDebug' in register_types.obj
libgodot-cpp.windows.template_debug.x86_64.lib(class_db.windows.template_debug.x86_64.obj) : error LNK2038: mismatch detected for '_ITERATOR_DEBUG_LEVEL': value '0' doesn't match value '2' in register_types.obj
libgodot-cpp.windows.template_debug.x86_64.lib(class_db.windows.template_debug.x86_64.obj) : error LNK2038: mismatch detected for 'RuntimeLibrary': value 'MT_StaticRelease' doesn't match value 'MDd_DynamicDebug' in register_types.obj
libgodot-cpp.windows.template_debug.x86_64.lib(editor_plugin.windows.template_debug.x86_64.obj) : error LNK2038: mismatch detected for '_ITERATOR_DEBUG_LEVEL': value '0' doesn't match value '2' in register_types.obj
libgodot-cpp.windows.template_debug.x86_64.lib(editor_plugin.windows.template_debug.x86_64.obj) : error LNK2038: mismatch detected for 'RuntimeLibrary': value 'MT_StaticRelease' doesn't match value 'MDd_DynamicDebug' in register_types.obj
libgodot-cpp.windows.template_debug.x86_64.lib(memory.windows.template_debug.x86_64.obj) : error LNK2038: mismatch detected for '_ITERATOR_DEBUG_LEVEL': value '0' doesn't match value '2' in register_types.obj
libgodot-cpp.windows.template_debug.x86_64.lib(memory.windows.template_debug.x86_64.obj) : error LNK2038: mismatch detected for 'RuntimeLibrary': value 'MT_StaticRelease' doesn't match value 'MDd_DynamicDebug' in register_types.obj
libgodot-cpp.windows.template_debug.x86_64.lib(string.windows.template_debug.x86_64.obj) : error LNK2038: mismatch detected for '_ITERATOR_DEBUG_LEVEL': value '0' doesn't match value '2' in register_types.obj
libgodot-cpp.windows.template_debug.x86_64.lib(string.windows.template_debug.x86_64.obj) : error LNK2038: mismatch detected for 'RuntimeLibrary': value 'MT_StaticRelease' doesn't match value 'MDd_DynamicDebug' in register_types.obj
libgodot-cpp.windows.template_debug.x86_64.lib(string_name.windows.template_debug.x86_64.obj) : error LNK2038: mismatch detected for '_ITERATOR_DEBUG_LEVEL': value '0' doesn't match value '2' in register_types.obj
libgodot-cpp.windows.template_debug.x86_64.lib(string_name.windows.template_debug.x86_64.obj) : error LNK2038: mismatch detected for 'RuntimeLibrary': value 'MT_StaticRelease' doesn't match value 'MDd_DynamicDebug' in register_types.obj
libgodot-cpp.windows.template_debug.x86_64.lib(char_string.windows.template_debug.x86_64.obj) : error LNK2038: mismatch detected for '_ITERATOR_DEBUG_LEVEL': value '0' doesn't match value '2' in register_types.obj
libgodot-cpp.windows.template_debug.x86_64.lib(char_string.windows.template_debug.x86_64.obj) : error LNK2038: mismatch detected for 'RuntimeLibrary': value 'MT_StaticRelease' doesn't match value 'MDd_DynamicDebug' in register_types.obj
libgodot-cpp.windows.template_debug.x86_64.lib(wrapped.windows.template_debug.x86_64.obj) : error LNK2038: mismatch detected for '_ITERATOR_DEBUG_LEVEL': value '0' doesn't match value '2' in register_types.obj
libgodot-cpp.windows.template_debug.x86_64.lib(wrapped.windows.template_debug.x86_64.obj) : error LNK2038: mismatch detected for 'RuntimeLibrary': value 'MT_StaticRelease' doesn't match value 'MDd_DynamicDebug' in register_types.obj
libgodot-cpp.windows.template_debug.x86_64.lib(a_star2d.windows.template_debug.x86_64.obj) : error LNK2038: mismatch detected for '_ITERATOR_DEBUG_LEVEL': value '0' doesn't match value '2' in register_types.obj
libgodot-cpp.windows.template_debug.x86_64.lib(a_star2d.windows.template_debug.x86_64.obj) : error LNK2038: mismatch detected for 'RuntimeLibrary': value 'MT_StaticRelease' doesn't match value 'MDd_DynamicDebug' in register_types.obj
libgodot-cpp.windows.template_debug.x86_64.lib(a_star3d.windows.template_debug.x86_64.obj) : error LNK2038: mismatch detected for '_ITERATOR_DEBUG_LEVEL': value '0' doesn't match value '2' in register_types.obj
libgodot-cpp.windows.template_debug.x86_64.lib(a_star3d.windows.template_debug.x86_64.obj) : error LNK2038: mismatch detected for 'RuntimeLibrary': value 'MT_StaticRelease' doesn't match value 'MDd_DynamicDebug' in register_types.obj
libgodot-cpp.windows.template_debug.x86_64.lib(a_star_grid2d.windows.template_debug.x86_64.obj) : error LNK2038: mismatch detected for '_ITERATOR_DEBUG_LEVEL': value '0' doesn't match value '2' in register_types.obj
libgodot-cpp.windows.template_debug.x86_64.lib(a_star_grid2d.windows.template_debug.x86_64.obj) : error LNK2038: mismatch detected for 'RuntimeLibrary': value 'MT_StaticRelease' doesn't match value 'MDd_DynamicDebug' in register_types.obj
libgodot-cpp.windows.template_debug.x86_64.lib(node.windows.template_debug.x86_64.obj) : error LNK2038: mismatch detected for '_ITERATOR_DEBUG_LEVEL': value '0' doesn't match value '2' in register_types.obj
libgodot-cpp.windows.template_debug.x86_64.lib(node.windows.template_debug.x86_64.obj) : error LNK2038: mismatch detected for 'RuntimeLibrary': value 'MT_StaticRelease' doesn't match value 'MDd_DynamicDebug' in register_types.obj
libgodot-cpp.windows.template_debug.x86_64.lib(texture2d.windows.template_debug.x86_64.obj) : error LNK2038: mismatch detected for '_ITERATOR_DEBUG_LEVEL': value '0' doesn't match value '2' in register_types.obj
libgodot-cpp.windows.template_debug.x86_64.lib(texture2d.windows.template_debug.x86_64.obj) : error LNK2038: mismatch detected for 'RuntimeLibrary': value 'MT_StaticRelease' doesn't match value 'MDd_DynamicDebug' in register_types.obj
libgodot-cpp.windows.template_debug.x86_64.lib(canvas_item.windows.template_debug.x86_64.obj) : error LNK2038: mismatch detected for '_ITERATOR_DEBUG_LEVEL': value '0' doesn't match value '2' in register_types.obj
libgodot-cpp.windows.template_debug.x86_64.lib(canvas_item.windows.template_debug.x86_64.obj) : error LNK2038: mismatch detected for 'RuntimeLibrary': value 'MT_StaticRelease' doesn't match value 'MDd_DynamicDebug' in register_types.obj
libgodot-cpp.windows.template_debug.x86_64.lib(collision_object2d.windows.template_debug.x86_64.obj) : error LNK2038: mismatch detected for '_ITERATOR_DEBUG_LEVEL': value '0' doesn't match value '2' in register_types.obj
libgodot-cpp.windows.template_debug.x86_64.lib(collision_object2d.windows.template_debug.x86_64.obj) : error LNK2038: mismatch detected for 'RuntimeLibrary': value 'MT_StaticRelease' doesn't match value 'MDd_DynamicDebug' in register_types.obj
libgodot-cpp.windows.template_debug.x86_64.lib(collision_object3d.windows.template_debug.x86_64.obj) : error LNK2038: mismatch detected for '_ITERATOR_DEBUG_LEVEL': value '0' doesn't match value '2' in register_types.obj
libgodot-cpp.windows.template_debug.x86_64.lib(collision_object3d.windows.template_debug.x86_64.obj) : error LNK2038: mismatch detected for 'RuntimeLibrary': value 'MT_StaticRelease' doesn't match value 'MDd_DynamicDebug' in register_types.obj
libgodot-cpp.windows.template_debug.x86_64.lib(material.windows.template_debug.x86_64.obj) : error LNK2038: mismatch detected for '_ITERATOR_DEBUG_LEVEL': value '0' doesn't match value '2' in register_types.obj
libgodot-cpp.windows.template_debug.x86_64.lib(material.windows.template_debug.x86_64.obj) : error LNK2038: mismatch detected for 'RuntimeLibrary': value 'MT_StaticRelease' doesn't match value 'MDd_DynamicDebug' in register_types.obj
libgodot-cpp.windows.template_debug.x86_64.lib(visual_instance3d.windows.template_debug.x86_64.obj) : error LNK2038: mismatch detected for '_ITERATOR_DEBUG_LEVEL': value '0' doesn't match value '2' in register_types.obj
libgodot-cpp.windows.template_debug.x86_64.lib(visual_instance3d.windows.template_debug.x86_64.obj) : error LNK2038: mismatch detected for 'RuntimeLibrary': value 'MT_StaticRelease' doesn't match value 'MDd_DynamicDebug' in register_types.obj
libgodot-cpp.windows.template_debug.x86_64.lib(animation_node.windows.template_debug.x86_64.obj) : error LNK2038: mismatch detected for '_ITERATOR_DEBUG_LEVEL': value '0' doesn't match value '2' in register_types.obj
libgodot-cpp.windows.template_debug.x86_64.lib(animation_node.windows.template_debug.x86_64.obj) : error LNK2038: mismatch detected for 'RuntimeLibrary': value 'MT_StaticRelease' doesn't match value 'MDd_DynamicDebug' in register_types.obj
libgodot-cpp.windows.template_debug.x86_64.lib(animation_player.windows.template_debug.x86_64.obj) : error LNK2038: mismatch detected for '_ITERATOR_DEBUG_LEVEL': value '0' doesn't match value '2' in register_types.obj
libgodot-cpp.windows.template_debug.x86_64.lib(animation_player.windows.template_debug.x86_64.obj) : error LNK2038: mismatch detected for 'RuntimeLibrary': value 'MT_StaticRelease' doesn't match value 'MDd_DynamicDebug' in register_types.obj
libgodot-cpp.windows.template_debug.x86_64.lib(animation_tree.windows.template_debug.x86_64.obj) : error LNK2038: mismatch detected for '_ITERATOR_DEBUG_LEVEL': value '0' doesn't match value '2' in register_types.obj
libgodot-cpp.windows.template_debug.x86_64.lib(animation_tree.windows.template_debug.x86_64.obj) : error LNK2038: mismatch detected for 'RuntimeLibrary': value 'MT_StaticRelease' doesn't match value 'MDd_DynamicDebug' in register_types.obj
libgodot-cpp.windows.template_debug.x86_64.lib(mesh.windows.template_debug.x86_64.obj) : error LNK2038: mismatch detected for '_ITERATOR_DEBUG_LEVEL': value '0' doesn't match value '2' in register_types.obj
libgodot-cpp.windows.template_debug.x86_64.lib(mesh.windows.template_debug.x86_64.obj) : error LNK2038: mismatch detected for 'RuntimeLibrary': value 'MT_StaticRelease' doesn't match value 'MDd_DynamicDebug' in register_types.obj
libgodot-cpp.windows.template_debug.x86_64.lib(control.windows.template_debug.x86_64.obj) : error LNK2038: mismatch detected for '_ITERATOR_DEBUG_LEVEL': value '0' doesn't match value '2' in register_types.obj
libgodot-cpp.windows.template_debug.x86_64.lib(control.windows.template_debug.x86_64.obj) : error LNK2038: mismatch detected for 'RuntimeLibrary': value 'MT_StaticRelease' doesn't match value 'MDd_DynamicDebug' in register_types.obj
libgodot-cpp.windows.template_debug.x86_64.lib(container.windows.template_debug.x86_64.obj) : error LNK2038: mismatch detected for '_ITERATOR_DEBUG_LEVEL': value '0' doesn't match value '2' in register_types.obj
libgodot-cpp.windows.template_debug.x86_64.lib(container.windows.template_debug.x86_64.obj) : error LNK2038: mismatch detected for 'RuntimeLibrary': value 'MT_StaticRelease' doesn't match value 'MDd_DynamicDebug' in register_types.obj
libgodot-cpp.windows.template_debug.x86_64.lib(audio_effect.windows.template_debug.x86_64.obj) : error LNK2038: mismatch detected for '_ITERATOR_DEBUG_LEVEL': value '0' doesn't match value '2' in register_types.obj
libgodot-cpp.windows.template_debug.x86_64.lib(audio_effect.windows.template_debug.x86_64.obj) : error LNK2038: mismatch detected for 'RuntimeLibrary': value 'MT_StaticRelease' doesn't match value 'MDd_DynamicDebug' in register_types.obj
libgodot-cpp.windows.template_debug.x86_64.lib(audio_effect_instance.windows.template_debug.x86_64.obj) : error LNK2038: mismatch detected for '_ITERATOR_DEBUG_LEVEL': value '0' doesn't match value '2' in register_types.obj
libgodot-cpp.windows.template_debug.x86_64.lib(audio_effect_instance.windows.template_debug.x86_64.obj) : error LNK2038: mismatch detected for 'RuntimeLibrary': value 'MT_StaticRelease' doesn't match value 'MDd_DynamicDebug' in register_types.obj
libgodot-cpp.windows.template_debug.x86_64.lib(audio_stream.windows.template_debug.x86_64.obj) : error LNK2038: mismatch detected for '_ITERATOR_DEBUG_LEVEL': value '0' doesn't match value '2' in register_types.obj
libgodot-cpp.windows.template_debug.x86_64.lib(audio_stream.windows.template_debug.x86_64.obj) : error LNK2038: mismatch detected for 'RuntimeLibrary': value 'MT_StaticRelease' doesn't match value 'MDd_DynamicDebug' in register_types.obj
libgodot-cpp.windows.template_debug.x86_64.lib(audio_stream_playback.windows.template_debug.x86_64.obj) : error LNK2038: mismatch detected for '_ITERATOR_DEBUG_LEVEL': value '0' doesn't match value '2' in register_types.obj
libgodot-cpp.windows.template_debug.x86_64.lib(audio_stream_playback.windows.template_debug.x86_64.obj) : error LNK2038: mismatch detected for 'RuntimeLibrary': value 'MT_StaticRelease' doesn't match value 'MDd_DynamicDebug' in register_types.obj
libgodot-cpp.windows.template_debug.x86_64.lib(audio_stream_playback_resampled.windows.template_debug.x86_64.obj) : error LNK2038: mismatch detected for '_ITERATOR_DEBUG_LEVEL': value '0' doesn't match value '2' in register_types.obj
libgodot-cpp.windows.template_debug.x86_64.lib(audio_stream_playback_resampled.windows.template_debug.x86_64.obj) : error LNK2038: mismatch detected for 'RuntimeLibrary': value 'MT_StaticRelease' doesn't match value 'MDd_DynamicDebug' in register_types.obj
libgodot-cpp.windows.template_debug.x86_64.lib(base_button.windows.template_debug.x86_64.obj) : error LNK2038: mismatch detected for '_ITERATOR_DEBUG_LEVEL': value '0' doesn't match value '2' in register_types.obj
libgodot-cpp.windows.template_debug.x86_64.lib(base_button.windows.template_debug.x86_64.obj) : error LNK2038: mismatch detected for 'RuntimeLibrary': value 'MT_StaticRelease' doesn't match value 'MDd_DynamicDebug' in register_types.obj
libgodot-cpp.windows.template_debug.x86_64.lib(primitive_mesh.windows.template_debug.x86_64.obj) : error LNK2038: mismatch detected for '_ITERATOR_DEBUG_LEVEL': value '0' doesn't match value '2' in register_types.obj
libgodot-cpp.windows.template_debug.x86_64.lib(primitive_mesh.windows.template_debug.x86_64.obj) : error LNK2038: mismatch detected for 'RuntimeLibrary': value 'MT_StaticRelease' doesn't match value 'MDd_DynamicDebug' in register_types.obj
libgodot-cpp.windows.template_debug.x86_64.lib(text_edit.windows.template_debug.x86_64.obj) : error LNK2038: mismatch detected for '_ITERATOR_DEBUG_LEVEL': value '0' doesn't match value '2' in register_types.obj
libgodot-cpp.windows.template_debug.x86_64.lib(text_edit.windows.template_debug.x86_64.obj) : error LNK2038: mismatch detected for 'RuntimeLibrary': value 'MT_StaticRelease' doesn't match value 'MDd_DynamicDebug' in register_types.obj
libgodot-cpp.windows.template_debug.x86_64.lib(code_edit.windows.template_debug.x86_64.obj) : error LNK2038: mismatch detected for '_ITERATOR_DEBUG_LEVEL': value '0' doesn't match value '2' in register_types.obj
libgodot-cpp.windows.template_debug.x86_64.lib(code_edit.windows.template_debug.x86_64.obj) : error LNK2038: mismatch detected for 'RuntimeLibrary': value 'MT_StaticRelease' doesn't match value 'MDd_DynamicDebug' in register_types.obj
libgodot-cpp.windows.template_debug.x86_64.lib(syntax_highlighter.windows.template_debug.x86_64.obj) : error LNK2038: mismatch detected for '_ITERATOR_DEBUG_LEVEL': value '0' doesn't match value '2' in register_types.obj
libgodot-cpp.windows.template_debug.x86_64.lib(syntax_highlighter.windows.template_debug.x86_64.obj) : error LNK2038: mismatch detected for 'RuntimeLibrary': value 'MT_StaticRelease' doesn't match value 'MDd_DynamicDebug' in register_types.obj
libgodot-cpp.windows.template_debug.x86_64.lib(texture_layered.windows.template_debug.x86_64.obj) : error LNK2038: mismatch detected for '_ITERATOR_DEBUG_LEVEL': value '0' doesn't match value '2' in register_types.obj
libgodot-cpp.windows.template_debug.x86_64.lib(texture_layered.windows.template_debug.x86_64.obj) : error LNK2038: mismatch detected for 'RuntimeLibrary': value 'MT_StaticRelease' doesn't match value 'MDd_DynamicDebug' in register_types.obj
libgodot-cpp.windows.template_debug.x86_64.lib(texture3d.windows.template_debug.x86_64.obj) : error LNK2038: mismatch detected for '_ITERATOR_DEBUG_LEVEL': value '0' doesn't match value '2' in register_types.obj
libgodot-cpp.windows.template_debug.x86_64.lib(texture3d.windows.template_debug.x86_64.obj) : error LNK2038: mismatch detected for 'RuntimeLibrary': value 'MT_StaticRelease' doesn't match value 'MDd_DynamicDebug' in register_types.obj
libgodot-cpp.windows.template_debug.x86_64.lib(editor_debugger_plugin.windows.template_debug.x86_64.obj) : error LNK2038: mismatch detected for '_ITERATOR_DEBUG_LEVEL': value '0' doesn't match value '2' in register_types.obj
libgodot-cpp.windows.template_debug.x86_64.lib(editor_debugger_plugin.windows.template_debug.x86_64.obj) : error LNK2038: mismatch detected for 'RuntimeLibrary': value 'MT_StaticRelease' doesn't match value 'MDd_DynamicDebug' in register_types.obj
libgodot-cpp.windows.template_debug.x86_64.lib(editor_export_plugin.windows.template_debug.x86_64.obj) : error LNK2038: mismatch detected for '_ITERATOR_DEBUG_LEVEL': value '0' doesn't match value '2' in register_types.obj
libgodot-cpp.windows.template_debug.x86_64.lib(editor_export_plugin.windows.template_debug.x86_64.obj) : error LNK2038: mismatch detected for 'RuntimeLibrary': value 'MT_StaticRelease' doesn't match value 'MDd_DynamicDebug' in register_types.obj
libgodot-cpp.windows.template_debug.x86_64.lib(editor_file_system_import_format_support_query.windows.template_debug.x86_64.obj) : error LNK2038: mismatch detected for '_ITERATOR_DEBUG_LEVEL': value '0' doesn't match value '2' in register_types.obj
libgodot-cpp.windows.template_debug.x86_64.lib(editor_file_system_import_format_support_query.windows.template_debug.x86_64.obj) : error LNK2038: mismatch detected for 'RuntimeLibrary': value 'MT_StaticRelease' doesn't match value 'MDd_DynamicDebug' in register_types.obj
libgodot-cpp.windows.template_debug.x86_64.lib(editor_import_plugin.windows.template_debug.x86_64.obj) : error LNK2038: mismatch detected for '_ITERATOR_DEBUG_LEVEL': value '0' doesn't match value '2' in register_types.obj
libgodot-cpp.windows.template_debug.x86_64.lib(editor_import_plugin.windows.template_debug.x86_64.obj) : error LNK2038: mismatch detected for 'RuntimeLibrary': value 'MT_StaticRelease' doesn't match value 'MDd_DynamicDebug' in register_types.obj
libgodot-cpp.windows.template_debug.x86_64.lib(editor_inspector_plugin.windows.template_debug.x86_64.obj) : error LNK2038: mismatch detected for '_ITERATOR_DEBUG_LEVEL': value '0' doesn't match value '2' in register_types.obj
libgodot-cpp.windows.template_debug.x86_64.lib(editor_inspector_plugin.windows.template_debug.x86_64.obj) : error LNK2038: mismatch detected for 'RuntimeLibrary': value 'MT_StaticRelease' doesn't match value 'MDd_DynamicDebug' in register_types.obj
libgodot-cpp.windows.template_debug.x86_64.lib(editor_node3d_gizmo.windows.template_debug.x86_64.obj) : error LNK2038: mismatch detected for '_ITERATOR_DEBUG_LEVEL': value '0' doesn't match value '2' in register_types.obj
libgodot-cpp.windows.template_debug.x86_64.lib(editor_node3d_gizmo.windows.template_debug.x86_64.obj) : error LNK2038: mismatch detected for 'RuntimeLibrary': value 'MT_StaticRelease' doesn't match value 'MDd_DynamicDebug' in register_types.obj
libgodot-cpp.windows.template_debug.x86_64.lib(editor_node3d_gizmo_plugin.windows.template_debug.x86_64.obj) : error LNK2038: mismatch detected for '_ITERATOR_DEBUG_LEVEL': value '0' doesn't match value '2' in register_types.obj
libgodot-cpp.windows.template_debug.x86_64.lib(editor_node3d_gizmo_plugin.windows.template_debug.x86_64.obj) : error LNK2038: mismatch detected for 'RuntimeLibrary': value 'MT_StaticRelease' doesn't match value 'MDd_DynamicDebug' in register_types.obj
libgodot-cpp.windows.template_debug.x86_64.lib(editor_plugin.windows.template_debug.x86_64.obj) : error LNK2038: mismatch detected for '_ITERATOR_DEBUG_LEVEL': value '0' doesn't match value '2' in register_types.obj
libgodot-cpp.windows.template_debug.x86_64.lib(editor_plugin.windows.template_debug.x86_64.obj) : error LNK2038: mismatch detected for 'RuntimeLibrary': value 'MT_StaticRelease' doesn't match value 'MDd_DynamicDebug' in register_types.obj
libgodot-cpp.windows.template_debug.x86_64.lib(editor_property.windows.template_debug.x86_64.obj) : error LNK2038: mismatch detected for '_ITERATOR_DEBUG_LEVEL': value '0' doesn't match value '2' in register_types.obj
libgodot-cpp.windows.template_debug.x86_64.lib(editor_property.windows.template_debug.x86_64.obj) : error LNK2038: mismatch detected for 'RuntimeLibrary': value 'MT_StaticRelease' doesn't match value 'MDd_DynamicDebug' in register_types.obj
libgodot-cpp.windows.template_debug.x86_64.lib(editor_resource_conversion_plugin.windows.template_debug.x86_64.obj) : error LNK2038: mismatch detected for '_ITERATOR_DEBUG_LEVEL': value '0' doesn't match value '2' in register_types.obj
libgodot-cpp.windows.template_debug.x86_64.lib(editor_resource_conversion_plugin.windows.template_debug.x86_64.obj) : error LNK2038: mismatch detected for 'RuntimeLibrary': value 'MT_StaticRelease' doesn't match value 'MDd_DynamicDebug' in register_types.obj
libgodot-cpp.windows.template_debug.x86_64.lib(editor_resource_picker.windows.template_debug.x86_64.obj) : error LNK2038: mismatch detected for '_ITERATOR_DEBUG_LEVEL': value '0' doesn't match value '2' in register_types.obj
libgodot-cpp.windows.template_debug.x86_64.lib(editor_resource_picker.windows.template_debug.x86_64.obj) : error LNK2038: mismatch detected for 'RuntimeLibrary': value 'MT_StaticRelease' doesn't match value 'MDd_DynamicDebug' in register_types.obj
libgodot-cpp.windows.template_debug.x86_64.lib(editor_resource_preview_generator.windows.template_debug.x86_64.obj) : error LNK2038: mismatch detected for '_ITERATOR_DEBUG_LEVEL': value '0' doesn't match value '2' in register_types.obj
libgodot-cpp.windows.template_debug.x86_64.lib(editor_resource_preview_generator.windows.template_debug.x86_64.obj) : error LNK2038: mismatch detected for 'RuntimeLibrary': value 'MT_StaticRelease' doesn't match value 'MDd_DynamicDebug' in register_types.obj
libgodot-cpp.windows.template_debug.x86_64.lib(editor_resource_tooltip_plugin.windows.template_debug.x86_64.obj) : error LNK2038: mismatch detected for '_ITERATOR_DEBUG_LEVEL': value '0' doesn't match value '2' in register_types.obj
libgodot-cpp.windows.template_debug.x86_64.lib(editor_resource_tooltip_plugin.windows.template_debug.x86_64.obj) : error LNK2038: mismatch detected for 'RuntimeLibrary': value 'MT_StaticRelease' doesn't match value 'MDd_DynamicDebug' in register_types.obj
libgodot-cpp.windows.template_debug.x86_64.lib(editor_scene_format_importer.windows.template_debug.x86_64.obj) : error LNK2038: mismatch detected for '_ITERATOR_DEBUG_LEVEL': value '0' doesn't match value '2' in register_types.obj
libgodot-cpp.windows.template_debug.x86_64.lib(editor_scene_format_importer.windows.template_debug.x86_64.obj) : error LNK2038: mismatch detected for 'RuntimeLibrary': value 'MT_StaticRelease' doesn't match value 'MDd_DynamicDebug' in register_types.obj
libgodot-cpp.windows.template_debug.x86_64.lib(editor_scene_post_import.windows.template_debug.x86_64.obj) : error LNK2038: mismatch detected for '_ITERATOR_DEBUG_LEVEL': value '0' doesn't match value '2' in register_types.obj
libgodot-cpp.windows.template_debug.x86_64.lib(editor_scene_post_import.windows.template_debug.x86_64.obj) : error LNK2038: mismatch detected for 'RuntimeLibrary': value 'MT_StaticRelease' doesn't match value 'MDd_DynamicDebug' in register_types.obj
libgodot-cpp.windows.template_debug.x86_64.lib(editor_scene_post_import_plugin.windows.template_debug.x86_64.obj) : error LNK2038: mismatch detected for '_ITERATOR_DEBUG_LEVEL': value '0' doesn't match value '2' in register_types.obj
libgodot-cpp.windows.template_debug.x86_64.lib(editor_scene_post_import_plugin.windows.template_debug.x86_64.obj) : error LNK2038: mismatch detected for 'RuntimeLibrary': value 'MT_StaticRelease' doesn't match value 'MDd_DynamicDebug' in register_types.obj
libgodot-cpp.windows.template_debug.x86_64.lib(editor_script.windows.template_debug.x86_64.obj) : error LNK2038: mismatch detected for '_ITERATOR_DEBUG_LEVEL': value '0' doesn't match value '2' in register_types.obj
libgodot-cpp.windows.template_debug.x86_64.lib(editor_script.windows.template_debug.x86_64.obj) : error LNK2038: mismatch detected for 'RuntimeLibrary': value 'MT_StaticRelease' doesn't match value 'MDd_DynamicDebug' in register_types.obj
libgodot-cpp.windows.template_debug.x86_64.lib(range.windows.template_debug.x86_64.obj) : error LNK2038: mismatch detected for '_ITERATOR_DEBUG_LEVEL': value '0' doesn't match value '2' in register_types.obj
libgodot-cpp.windows.template_debug.x86_64.lib(range.windows.template_debug.x86_64.obj) : error LNK2038: mismatch detected for 'RuntimeLibrary': value 'MT_StaticRelease' doesn't match value 'MDd_DynamicDebug' in register_types.obj
libgodot-cpp.windows.template_debug.x86_64.lib(editor_syntax_highlighter.windows.template_debug.x86_64.obj) : error LNK2038: mismatch detected for '_ITERATOR_DEBUG_LEVEL': value '0' doesn't match value '2' in register_types.obj
libgodot-cpp.windows.template_debug.x86_64.lib(editor_syntax_highlighter.windows.template_debug.x86_64.obj) : error LNK2038: mismatch detected for 'RuntimeLibrary': value 'MT_StaticRelease' doesn't match value 'MDd_DynamicDebug' in register_types.obj
libgodot-cpp.windows.template_debug.x86_64.lib(editor_translation_parser_plugin.windows.template_debug.x86_64.obj) : error LNK2038: mismatch detected for '_ITERATOR_DEBUG_LEVEL': value '0' doesn't match value '2' in register_types.obj
libgodot-cpp.windows.template_debug.x86_64.lib(editor_translation_parser_plugin.windows.template_debug.x86_64.obj) : error LNK2038: mismatch detected for 'RuntimeLibrary': value 'MT_StaticRelease' doesn't match value 'MDd_DynamicDebug' in register_types.obj
libgodot-cpp.windows.template_debug.x86_64.lib(editor_vcs_interface.windows.template_debug.x86_64.obj) : error LNK2038: mismatch detected for '_ITERATOR_DEBUG_LEVEL': value '0' doesn't match value '2' in register_types.obj
libgodot-cpp.windows.template_debug.x86_64.lib(editor_vcs_interface.windows.template_debug.x86_64.obj) : error LNK2038: mismatch detected for 'RuntimeLibrary': value 'MT_StaticRelease' doesn't match value 'MDd_DynamicDebug' in register_types.obj
libgodot-cpp.windows.template_debug.x86_64.lib(engine_profiler.windows.template_debug.x86_64.obj) : error LNK2038: mismatch detected for '_ITERATOR_DEBUG_LEVEL': value '0' doesn't match value '2' in register_types.obj
libgodot-cpp.windows.template_debug.x86_64.lib(engine_profiler.windows.template_debug.x86_64.obj) : error LNK2038: mismatch detected for 'RuntimeLibrary': value 'MT_StaticRelease' doesn't match value 'MDd_DynamicDebug' in register_types.obj
libgodot-cpp.windows.template_debug.x86_64.lib(gltf_document_extension.windows.template_debug.x86_64.obj) : error LNK2038: mismatch detected for '_ITERATOR_DEBUG_LEVEL': value '0' doesn't match value '2' in register_types.obj
libgodot-cpp.windows.template_debug.x86_64.lib(gltf_document_extension.windows.template_debug.x86_64.obj) : error LNK2038: mismatch detected for 'RuntimeLibrary': value 'MT_StaticRelease' doesn't match value 'MDd_DynamicDebug' in register_types.obj
libgodot-cpp.windows.template_debug.x86_64.lib(graph_edit.windows.template_debug.x86_64.obj) : error LNK2038: mismatch detected for '_ITERATOR_DEBUG_LEVEL': value '0' doesn't match value '2' in register_types.obj
libgodot-cpp.windows.template_debug.x86_64.lib(graph_edit.windows.template_debug.x86_64.obj) : error LNK2038: mismatch detected for 'RuntimeLibrary': value 'MT_StaticRelease' doesn't match value 'MDd_DynamicDebug' in register_types.obj
libgodot-cpp.windows.template_debug.x86_64.lib(image_format_loader_extension.windows.template_debug.x86_64.obj) : error LNK2038: mismatch detected for '_ITERATOR_DEBUG_LEVEL': value '0' doesn't match value '2' in register_types.obj
libgodot-cpp.windows.template_debug.x86_64.lib(image_format_loader_extension.windows.template_debug.x86_64.obj) : error LNK2038: mismatch detected for 'RuntimeLibrary': value 'MT_StaticRelease' doesn't match value 'MDd_DynamicDebug' in register_types.obj
libgodot-cpp.windows.template_debug.x86_64.lib(main_loop.windows.template_debug.x86_64.obj) : error LNK2038: mismatch detected for '_ITERATOR_DEBUG_LEVEL': value '0' doesn't match value '2' in register_types.obj
libgodot-cpp.windows.template_debug.x86_64.lib(main_loop.windows.template_debug.x86_64.obj) : error LNK2038: mismatch detected for 'RuntimeLibrary': value 'MT_StaticRelease' doesn't match value 'MDd_DynamicDebug' in register_types.obj
libgodot-cpp.windows.template_debug.x86_64.lib(movie_writer.windows.template_debug.x86_64.obj) : error LNK2038: mismatch detected for '_ITERATOR_DEBUG_LEVEL': value '0' doesn't match value '2' in register_types.obj
libgodot-cpp.windows.template_debug.x86_64.lib(movie_writer.windows.template_debug.x86_64.obj) : error LNK2038: mismatch detected for 'RuntimeLibrary': value 'MT_StaticRelease' doesn't match value 'MDd_DynamicDebug' in register_types.obj
libgodot-cpp.windows.template_debug.x86_64.lib(multiplayer_api_extension.windows.template_debug.x86_64.obj) : error LNK2038: mismatch detected for '_ITERATOR_DEBUG_LEVEL': value '0' doesn't match value '2' in register_types.obj
libgodot-cpp.windows.template_debug.x86_64.lib(multiplayer_api_extension.windows.template_debug.x86_64.obj) : error LNK2038: mismatch detected for 'RuntimeLibrary': value 'MT_StaticRelease' doesn't match value 'MDd_DynamicDebug' in register_types.obj
libgodot-cpp.windows.template_debug.x86_64.lib(multiplayer_peer_extension.windows.template_debug.x86_64.obj) : error LNK2038: mismatch detected for '_ITERATOR_DEBUG_LEVEL': value '0' doesn't match value '2' in register_types.obj
libgodot-cpp.windows.template_debug.x86_64.lib(multiplayer_peer_extension.windows.template_debug.x86_64.obj) : error LNK2038: mismatch detected for 'RuntimeLibrary': value 'MT_StaticRelease' doesn't match value 'MDd_DynamicDebug' in register_types.obj
libgodot-cpp.windows.template_debug.x86_64.lib(translation.windows.template_debug.x86_64.obj) : error LNK2038: mismatch detected for '_ITERATOR_DEBUG_LEVEL': value '0' doesn't match value '2' in register_types.obj
libgodot-cpp.windows.template_debug.x86_64.lib(translation.windows.template_debug.x86_64.obj) : error LNK2038: mismatch detected for 'RuntimeLibrary': value 'MT_StaticRelease' doesn't match value 'MDd_DynamicDebug' in register_types.obj
libgodot-cpp.windows.template_debug.x86_64.lib(packet_peer_extension.windows.template_debug.x86_64.obj) : error LNK2038: mismatch detected for '_ITERATOR_DEBUG_LEVEL': value '0' doesn't match value '2' in register_types.obj
libgodot-cpp.windows.template_debug.x86_64.lib(packet_peer_extension.windows.template_debug.x86_64.obj) : error LNK2038: mismatch detected for 'RuntimeLibrary': value 'MT_StaticRelease' doesn't match value 'MDd_DynamicDebug' in register_types.obj
libgodot-cpp.windows.template_debug.x86_64.lib(rigid_body2d.windows.template_debug.x86_64.obj) : error LNK2038: mismatch detected for '_ITERATOR_DEBUG_LEVEL': value '0' doesn't match value '2' in register_types.obj
libgodot-cpp.windows.template_debug.x86_64.lib(rigid_body2d.windows.template_debug.x86_64.obj) : error LNK2038: mismatch detected for 'RuntimeLibrary': value 'MT_StaticRelease' doesn't match value 'MDd_DynamicDebug' in register_types.obj
libgodot-cpp.windows.template_debug.x86_64.lib(physical_bone3d.windows.template_debug.x86_64.obj) : error LNK2038: mismatch detected for '_ITERATOR_DEBUG_LEVEL': value '0' doesn't match value '2' in register_types.obj
libgodot-cpp.windows.template_debug.x86_64.lib(physical_bone3d.windows.template_debug.x86_64.obj) : error LNK2038: mismatch detected for 'RuntimeLibrary': value 'MT_StaticRelease' doesn't match value 'MDd_DynamicDebug' in register_types.obj
libgodot-cpp.windows.template_debug.x86_64.lib(physics_direct_body_state2d_extension.windows.template_debug.x86_64.obj) : error LNK2038: mismatch detected for '_ITERATOR_DEBUG_LEVEL': value '0' doesn't match value '2' in register_types.obj
libgodot-cpp.windows.template_debug.x86_64.lib(physics_direct_body_state2d_extension.windows.template_debug.x86_64.obj) : error LNK2038: mismatch detected for 'RuntimeLibrary': value 'MT_StaticRelease' doesn't match value 'MDd_DynamicDebug' in register_types.obj
libgodot-cpp.windows.template_debug.x86_64.lib(physics_direct_body_state3d_extension.windows.template_debug.x86_64.obj) : error LNK2038: mismatch detected for '_ITERATOR_DEBUG_LEVEL': value '0' doesn't match value '2' in register_types.obj
libgodot-cpp.windows.template_debug.x86_64.lib(physics_direct_body_state3d_extension.windows.template_debug.x86_64.obj) : error LNK2038: mismatch detected for 'RuntimeLibrary': value 'MT_StaticRelease' doesn't match value 'MDd_DynamicDebug' in register_types.obj
libgodot-cpp.windows.template_debug.x86_64.lib(physics_direct_space_state2d_extension.windows.template_debug.x86_64.obj) : error LNK2038: mismatch detected for '_ITERATOR_DEBUG_LEVEL': value '0' doesn't match value '2' in register_types.obj
libgodot-cpp.windows.template_debug.x86_64.lib(physics_direct_space_state2d_extension.windows.template_debug.x86_64.obj) : error LNK2038: mismatch detected for 'RuntimeLibrary': value 'MT_StaticRelease' doesn't match value 'MDd_DynamicDebug' in register_types.obj
libgodot-cpp.windows.template_debug.x86_64.lib(physics_direct_space_state3d_extension.windows.template_debug.x86_64.obj) : error LNK2038: mismatch detected for '_ITERATOR_DEBUG_LEVEL': value '0' doesn't match value '2' in register_types.obj
libgodot-cpp.windows.template_debug.x86_64.lib(physics_direct_space_state3d_extension.windows.template_debug.x86_64.obj) : error LNK2038: mismatch detected for 'RuntimeLibrary': value 'MT_StaticRelease' doesn't match value 'MDd_DynamicDebug' in register_types.obj
libgodot-cpp.windows.template_debug.x86_64.lib(physics_server2d_extension.windows.template_debug.x86_64.obj) : error LNK2038: mismatch detected for '_ITERATOR_DEBUG_LEVEL': value '0' doesn't match value '2' in register_types.obj
libgodot-cpp.windows.template_debug.x86_64.lib(physics_server2d_extension.windows.template_debug.x86_64.obj) : error LNK2038: mismatch detected for 'RuntimeLibrary': value 'MT_StaticRelease' doesn't match value 'MDd_DynamicDebug' in register_types.obj
libgodot-cpp.windows.template_debug.x86_64.lib(physics_server3d_extension.windows.template_debug.x86_64.obj) : error LNK2038: mismatch detected for '_ITERATOR_DEBUG_LEVEL': value '0' doesn't match value '2' in register_types.obj
libgodot-cpp.windows.template_debug.x86_64.lib(physics_server3d_extension.windows.template_debug.x86_64.obj) : error LNK2038: mismatch detected for 'RuntimeLibrary': value 'MT_StaticRelease' doesn't match value 'MDd_DynamicDebug' in register_types.obj
libgodot-cpp.windows.template_debug.x86_64.lib(physics_server3d_rendering_server_handler.windows.template_debug.x86_64.obj) : error LNK2038: mismatch detected for '_ITERATOR_DEBUG_LEVEL': value '0' doesn't match value '2' in register_types.obj
libgodot-cpp.windows.template_debug.x86_64.lib(physics_server3d_rendering_server_handler.windows.template_debug.x86_64.obj) : error LNK2038: mismatch detected for 'RuntimeLibrary': value 'MT_StaticRelease' doesn't match value 'MDd_DynamicDebug' in register_types.obj
libgodot-cpp.windows.template_debug.x86_64.lib(resource_format_saver.windows.template_debug.x86_64.obj) : error LNK2038: mismatch detected for '_ITERATOR_DEBUG_LEVEL': value '0' doesn't match value '2' in register_types.obj
libgodot-cpp.windows.template_debug.x86_64.lib(resource_format_saver.windows.template_debug.x86_64.obj) : error LNK2038: mismatch detected for 'RuntimeLibrary': value 'MT_StaticRelease' doesn't match value 'MDd_DynamicDebug' in register_types.obj
libgodot-cpp.windows.template_debug.x86_64.lib(resource_format_loader.windows.template_debug.x86_64.obj) : error LNK2038: mismatch detected for '_ITERATOR_DEBUG_LEVEL': value '0' doesn't match value '2' in register_types.obj
libgodot-cpp.windows.template_debug.x86_64.lib(resource_format_loader.windows.template_debug.x86_64.obj) : error LNK2038: mismatch detected for 'RuntimeLibrary': value 'MT_StaticRelease' doesn't match value 'MDd_DynamicDebug' in register_types.obj
libgodot-cpp.windows.template_debug.x86_64.lib(rich_text_effect.windows.template_debug.x86_64.obj) : error LNK2038: mismatch detected for '_ITERATOR_DEBUG_LEVEL': value '0' doesn't match value '2' in register_types.obj
libgodot-cpp.windows.template_debug.x86_64.lib(rich_text_effect.windows.template_debug.x86_64.obj) : error LNK2038: mismatch detected for 'RuntimeLibrary': value 'MT_StaticRelease' doesn't match value 'MDd_DynamicDebug' in register_types.obj
libgodot-cpp.windows.template_debug.x86_64.lib(rigid_body3d.windows.template_debug.x86_64.obj) : error LNK2038: mismatch detected for '_ITERATOR_DEBUG_LEVEL': value '0' doesn't match value '2' in register_types.obj
libgodot-cpp.windows.template_debug.x86_64.lib(rigid_body3d.windows.template_debug.x86_64.obj) : error LNK2038: mismatch detected for 'RuntimeLibrary': value 'MT_StaticRelease' doesn't match value 'MDd_DynamicDebug' in register_types.obj
libgodot-cpp.windows.template_debug.x86_64.lib(script_extension.windows.template_debug.x86_64.obj) : error LNK2038: mismatch detected for '_ITERATOR_DEBUG_LEVEL': value '0' doesn't match value '2' in register_types.obj
libgodot-cpp.windows.template_debug.x86_64.lib(script_extension.windows.template_debug.x86_64.obj) : error LNK2038: mismatch detected for 'RuntimeLibrary': value 'MT_StaticRelease' doesn't match value 'MDd_DynamicDebug' in register_types.obj
libgodot-cpp.windows.template_debug.x86_64.lib(script_language_extension.windows.template_debug.x86_64.obj) : error LNK2038: mismatch detected for '_ITERATOR_DEBUG_LEVEL': value '0' doesn't match value '2' in register_types.obj
libgodot-cpp.windows.template_debug.x86_64.lib(script_language_extension.windows.template_debug.x86_64.obj) : error LNK2038: mismatch detected for 'RuntimeLibrary': value 'MT_StaticRelease' doesn't match value 'MDd_DynamicDebug' in register_types.obj
libgodot-cpp.windows.template_debug.x86_64.lib(skeleton_modification2d.windows.template_debug.x86_64.obj) : error LNK2038: mismatch detected for '_ITERATOR_DEBUG_LEVEL': value '0' doesn't match value '2' in register_types.obj
libgodot-cpp.windows.template_debug.x86_64.lib(skeleton_modification2d.windows.template_debug.x86_64.obj) : error LNK2038: mismatch detected for 'RuntimeLibrary': value 'MT_StaticRelease' doesn't match value 'MDd_DynamicDebug' in register_types.obj
libgodot-cpp.windows.template_debug.x86_64.lib(stream_peer_extension.windows.template_debug.x86_64.obj) : error LNK2038: mismatch detected for '_ITERATOR_DEBUG_LEVEL': value '0' doesn't match value '2' in register_types.obj
libgodot-cpp.windows.template_debug.x86_64.lib(stream_peer_extension.windows.template_debug.x86_64.obj) : error LNK2038: mismatch detected for 'RuntimeLibrary': value 'MT_StaticRelease' doesn't match value 'MDd_DynamicDebug' in register_types.obj
libgodot-cpp.windows.template_debug.x86_64.lib(style_box.windows.template_debug.x86_64.obj) : error LNK2038: mismatch detected for '_ITERATOR_DEBUG_LEVEL': value '0' doesn't match value '2' in register_types.obj
libgodot-cpp.windows.template_debug.x86_64.lib(style_box.windows.template_debug.x86_64.obj) : error LNK2038: mismatch detected for 'RuntimeLibrary': value 'MT_StaticRelease' doesn't match value 'MDd_DynamicDebug' in register_types.obj
libgodot-cpp.windows.template_debug.x86_64.lib(text_server_extension.windows.template_debug.x86_64.obj) : error LNK2038: mismatch detected for '_ITERATOR_DEBUG_LEVEL': value '0' doesn't match value '2' in register_types.obj
libgodot-cpp.windows.template_debug.x86_64.lib(text_server_extension.windows.template_debug.x86_64.obj) : error LNK2038: mismatch detected for 'RuntimeLibrary': value 'MT_StaticRelease' doesn't match value 'MDd_DynamicDebug' in register_types.obj
libgodot-cpp.windows.template_debug.x86_64.lib(tile_map.windows.template_debug.x86_64.obj) : error LNK2038: mismatch detected for '_ITERATOR_DEBUG_LEVEL': value '0' doesn't match value '2' in register_types.obj
libgodot-cpp.windows.template_debug.x86_64.lib(tile_map.windows.template_debug.x86_64.obj) : error LNK2038: mismatch detected for 'RuntimeLibrary': value 'MT_StaticRelease' doesn't match value 'MDd_DynamicDebug' in register_types.obj
libgodot-cpp.windows.template_debug.x86_64.lib(video_stream.windows.template_debug.x86_64.obj) : error LNK2038: mismatch detected for '_ITERATOR_DEBUG_LEVEL': value '0' doesn't match value '2' in register_types.obj
libgodot-cpp.windows.template_debug.x86_64.lib(video_stream.windows.template_debug.x86_64.obj) : error LNK2038: mismatch detected for 'RuntimeLibrary': value 'MT_StaticRelease' doesn't match value 'MDd_DynamicDebug' in register_types.obj
libgodot-cpp.windows.template_debug.x86_64.lib(video_stream_playback.windows.template_debug.x86_64.obj) : error LNK2038: mismatch detected for '_ITERATOR_DEBUG_LEVEL': value '0' doesn't match value '2' in register_types.obj
libgodot-cpp.windows.template_debug.x86_64.lib(video_stream_playback.windows.template_debug.x86_64.obj) : error LNK2038: mismatch detected for 'RuntimeLibrary': value 'MT_StaticRelease' doesn't match value 'MDd_DynamicDebug' in register_types.obj
libgodot-cpp.windows.template_debug.x86_64.lib(visual_shader_node_custom.windows.template_debug.x86_64.obj) : error LNK2038: mismatch detected for '_ITERATOR_DEBUG_LEVEL': value '0' doesn't match value '2' in register_types.obj
libgodot-cpp.windows.template_debug.x86_64.lib(visual_shader_node_custom.windows.template_debug.x86_64.obj) : error LNK2038: mismatch detected for 'RuntimeLibrary': value 'MT_StaticRelease' doesn't match value 'MDd_DynamicDebug' in register_types.obj
libgodot-cpp.windows.template_debug.x86_64.lib(web_rtc_data_channel_extension.windows.template_debug.x86_64.obj) : error LNK2038: mismatch detected for '_ITERATOR_DEBUG_LEVEL': value '0' doesn't match value '2' in register_types.obj
libgodot-cpp.windows.template_debug.x86_64.lib(web_rtc_data_channel_extension.windows.template_debug.x86_64.obj) : error LNK2038: mismatch detected for 'RuntimeLibrary': value 'MT_StaticRelease' doesn't match value 'MDd_DynamicDebug' in register_types.obj
libgodot-cpp.windows.template_debug.x86_64.lib(web_rtc_peer_connection_extension.windows.template_debug.x86_64.obj) : error LNK2038: mismatch detected for '_ITERATOR_DEBUG_LEVEL': value '0' doesn't match value '2' in register_types.obj
libgodot-cpp.windows.template_debug.x86_64.lib(web_rtc_peer_connection_extension.windows.template_debug.x86_64.obj) : error LNK2038: mismatch detected for 'RuntimeLibrary': value 'MT_StaticRelease' doesn't match value 'MDd_DynamicDebug' in register_types.obj
libgodot-cpp.windows.template_debug.x86_64.lib(xr_interface_extension.windows.template_debug.x86_64.obj) : error LNK2038: mismatch detected for '_ITERATOR_DEBUG_LEVEL': value '0' doesn't match value '2' in register_types.obj
libgodot-cpp.windows.template_debug.x86_64.lib(xr_interface_extension.windows.template_debug.x86_64.obj) : error LNK2038: mismatch detected for 'RuntimeLibrary': value 'MT_StaticRelease' doesn't match value 'MDd_DynamicDebug' in register_types.obj
libgodot-cpp.windows.template_debug.x86_64.lib(packed_vector2_array.windows.template_debug.x86_64.obj) : error LNK2038: mismatch detected for '_ITERATOR_DEBUG_LEVEL': value '0' doesn't match value '2' in register_types.obj
libgodot-cpp.windows.template_debug.x86_64.lib(packed_vector2_array.windows.template_debug.x86_64.obj) : error LNK2038: mismatch detected for 'RuntimeLibrary': value 'MT_StaticRelease' doesn't match value 'MDd_DynamicDebug' in register_types.obj
libgodot-cpp.windows.template_debug.x86_64.lib(packed_vector3_array.windows.template_debug.x86_64.obj) : error LNK2038: mismatch detected for '_ITERATOR_DEBUG_LEVEL': value '0' doesn't match value '2' in register_types.obj
libgodot-cpp.windows.template_debug.x86_64.lib(packed_vector3_array.windows.template_debug.x86_64.obj) : error LNK2038: mismatch detected for 'RuntimeLibrary': value 'MT_StaticRelease' doesn't match value 'MDd_DynamicDebug' in register_types.obj
libgodot-cpp.windows.template_debug.x86_64.lib(projection.windows.template_debug.x86_64.obj) : error LNK2038: mismatch detected for '_ITERATOR_DEBUG_LEVEL': value '0' doesn't match value '2' in register_types.obj
libgodot-cpp.windows.template_debug.x86_64.lib(projection.windows.template_debug.x86_64.obj) : error LNK2038: mismatch detected for 'RuntimeLibrary': value 'MT_StaticRelease' doesn't match value 'MDd_DynamicDebug' in register_types.obj
libgodot-cpp.windows.template_debug.x86_64.lib(node_path.windows.template_debug.x86_64.obj) : error LNK2038: mismatch detected for '_ITERATOR_DEBUG_LEVEL': value '0' doesn't match value '2' in register_types.obj
libgodot-cpp.windows.template_debug.x86_64.lib(node_path.windows.template_debug.x86_64.obj) : error LNK2038: mismatch detected for 'RuntimeLibrary': value 'MT_StaticRelease' doesn't match value 'MDd_DynamicDebug' in register_types.obj
libgodot-cpp.windows.template_debug.x86_64.lib(rid.windows.template_debug.x86_64.obj) : error LNK2038: mismatch detected for '_ITERATOR_DEBUG_LEVEL': value '0' doesn't match value '2' in register_types.obj
libgodot-cpp.windows.template_debug.x86_64.lib(rid.windows.template_debug.x86_64.obj) : error LNK2038: mismatch detected for 'RuntimeLibrary': value 'MT_StaticRelease' doesn't match value 'MDd_DynamicDebug' in register_types.obj
libgodot-cpp.windows.template_debug.x86_64.lib(callable.windows.template_debug.x86_64.obj) : error LNK2038: mismatch detected for '_ITERATOR_DEBUG_LEVEL': value '0' doesn't match value '2' in register_types.obj
libgodot-cpp.windows.template_debug.x86_64.lib(callable.windows.template_debug.x86_64.obj) : error LNK2038: mismatch detected for 'RuntimeLibrary': value 'MT_StaticRelease' doesn't match value 'MDd_DynamicDebug' in register_types.obj
libgodot-cpp.windows.template_debug.x86_64.lib(signal.windows.template_debug.x86_64.obj) : error LNK2038: mismatch detected for '_ITERATOR_DEBUG_LEVEL': value '0' doesn't match value '2' in register_types.obj
libgodot-cpp.windows.template_debug.x86_64.lib(signal.windows.template_debug.x86_64.obj) : error LNK2038: mismatch detected for 'RuntimeLibrary': value 'MT_StaticRelease' doesn't match value 'MDd_DynamicDebug' in register_types.obj
libgodot-cpp.windows.template_debug.x86_64.lib(dictionary.windows.template_debug.x86_64.obj) : error LNK2038: mismatch detected for '_ITERATOR_DEBUG_LEVEL': value '0' doesn't match value '2' in register_types.obj
libgodot-cpp.windows.template_debug.x86_64.lib(dictionary.windows.template_debug.x86_64.obj) : error LNK2038: mismatch detected for 'RuntimeLibrary': value 'MT_StaticRelease' doesn't match value 'MDd_DynamicDebug' in register_types.obj
libgodot-cpp.windows.template_debug.x86_64.lib(array.windows.template_debug.x86_64.obj) : error LNK2038: mismatch detected for '_ITERATOR_DEBUG_LEVEL': value '0' doesn't match value '2' in register_types.obj
libgodot-cpp.windows.template_debug.x86_64.lib(array.windows.template_debug.x86_64.obj) : error LNK2038: mismatch detected for 'RuntimeLibrary': value 'MT_StaticRelease' doesn't match value 'MDd_DynamicDebug' in register_types.obj
libgodot-cpp.windows.template_debug.x86_64.lib(packed_byte_array.windows.template_debug.x86_64.obj) : error LNK2038: mismatch detected for '_ITERATOR_DEBUG_LEVEL': value '0' doesn't match value '2' in register_types.obj
libgodot-cpp.windows.template_debug.x86_64.lib(packed_byte_array.windows.template_debug.x86_64.obj) : error LNK2038: mismatch detected for 'RuntimeLibrary': value 'MT_StaticRelease' doesn't match value 'MDd_DynamicDebug' in register_types.obj
libgodot-cpp.windows.template_debug.x86_64.lib(packed_int32_array.windows.template_debug.x86_64.obj) : error LNK2038: mismatch detected for '_ITERATOR_DEBUG_LEVEL': value '0' doesn't match value '2' in register_types.obj
libgodot-cpp.windows.template_debug.x86_64.lib(packed_int32_array.windows.template_debug.x86_64.obj) : error LNK2038: mismatch detected for 'RuntimeLibrary': value 'MT_StaticRelease' doesn't match value 'MDd_DynamicDebug' in register_types.obj
libgodot-cpp.windows.template_debug.x86_64.lib(packed_int64_array.windows.template_debug.x86_64.obj) : error LNK2038: mismatch detected for '_ITERATOR_DEBUG_LEVEL': value '0' doesn't match value '2' in register_types.obj
libgodot-cpp.windows.template_debug.x86_64.lib(packed_int64_array.windows.template_debug.x86_64.obj) : error LNK2038: mismatch detected for 'RuntimeLibrary': value 'MT_StaticRelease' doesn't match value 'MDd_DynamicDebug' in register_types.obj
libgodot-cpp.windows.template_debug.x86_64.lib(packed_float32_array.windows.template_debug.x86_64.obj) : error LNK2038: mismatch detected for '_ITERATOR_DEBUG_LEVEL': value '0' doesn't match value '2' in register_types.obj
libgodot-cpp.windows.template_debug.x86_64.lib(packed_float32_array.windows.template_debug.x86_64.obj) : error LNK2038: mismatch detected for 'RuntimeLibrary': value 'MT_StaticRelease' doesn't match value 'MDd_DynamicDebug' in register_types.obj
libgodot-cpp.windows.template_debug.x86_64.lib(packed_float64_array.windows.template_debug.x86_64.obj) : error LNK2038: mismatch detected for '_ITERATOR_DEBUG_LEVEL': value '0' doesn't match value '2' in register_types.obj
libgodot-cpp.windows.template_debug.x86_64.lib(packed_float64_array.windows.template_debug.x86_64.obj) : error LNK2038: mismatch detected for 'RuntimeLibrary': value 'MT_StaticRelease' doesn't match value 'MDd_DynamicDebug' in register_types.obj
libgodot-cpp.windows.template_debug.x86_64.lib(packed_string_array.windows.template_debug.x86_64.obj) : error LNK2038: mismatch detected for '_ITERATOR_DEBUG_LEVEL': value '0' doesn't match value '2' in register_types.obj
libgodot-cpp.windows.template_debug.x86_64.lib(packed_string_array.windows.template_debug.x86_64.obj) : error LNK2038: mismatch detected for 'RuntimeLibrary': value 'MT_StaticRelease' doesn't match value 'MDd_DynamicDebug' in register_types.obj
libgodot-cpp.windows.template_debug.x86_64.lib(packed_color_array.windows.template_debug.x86_64.obj) : error LNK2038: mismatch detected for '_ITERATOR_DEBUG_LEVEL': value '0' doesn't match value '2' in register_types.obj
libgodot-cpp.windows.template_debug.x86_64.lib(packed_color_array.windows.template_debug.x86_64.obj) : error LNK2038: mismatch detected for 'RuntimeLibrary': value 'MT_StaticRelease' doesn't match value 'MDd_DynamicDebug' in register_types.obj
libgodot-cpp.windows.template_debug.x86_64.lib(object.windows.template_debug.x86_64.obj) : error LNK2038: mismatch detected for '_ITERATOR_DEBUG_LEVEL': value '0' doesn't match value '2' in register_types.obj
libgodot-cpp.windows.template_debug.x86_64.lib(object.windows.template_debug.x86_64.obj) : error LNK2038: mismatch detected for 'RuntimeLibrary': value 'MT_StaticRelease' doesn't match value 'MDd_DynamicDebug' in register_types.obj
libgodot-cpp.windows.template_debug.x86_64.lib(object.windows.template_debug.x86_64.obj) : error LNK2038: mismatch detected for '_ITERATOR_DEBUG_LEVEL': value '0' doesn't match value '2' in register_types.obj
libgodot-cpp.windows.template_debug.x86_64.lib(object.windows.template_debug.x86_64.obj) : error LNK2038: mismatch detected for 'RuntimeLibrary': value 'MT_StaticRelease' doesn't match value 'MDd_DynamicDebug' in register_types.obj
libgodot-cpp.windows.template_debug.x86_64.lib(method_bind.windows.template_debug.x86_64.obj) : error LNK2038: mismatch detected for '_ITERATOR_DEBUG_LEVEL': value '0' doesn't match value '2' in register_types.obj
libgodot-cpp.windows.template_debug.x86_64.lib(method_bind.windows.template_debug.x86_64.obj) : error LNK2038: mismatch detected for 'RuntimeLibrary': value 'MT_StaticRelease' doesn't match value 'MDd_DynamicDebug' in register_types.obj
libgodot-cpp.windows.template_debug.x86_64.lib(packed_arrays.windows.template_debug.x86_64.obj) : error LNK2038: mismatch detected for '_ITERATOR_DEBUG_LEVEL': value '0' doesn't match value '2' in register_types.obj
libgodot-cpp.windows.template_debug.x86_64.lib(packed_arrays.windows.template_debug.x86_64.obj) : error LNK2038: mismatch detected for 'RuntimeLibrary': value 'MT_StaticRelease' doesn't match value 'MDd_DynamicDebug' in register_types.obj
libgodot-cpp.windows.template_debug.x86_64.lib(ref_counted.windows.template_debug.x86_64.obj) : error LNK2038: mismatch detected for '_ITERATOR_DEBUG_LEVEL': value '0' doesn't match value '2' in register_types.obj
libgodot-cpp.windows.template_debug.x86_64.lib(ref_counted.windows.template_debug.x86_64.obj) : error LNK2038: mismatch detected for 'RuntimeLibrary': value 'MT_StaticRelease' doesn't match value 'MDd_DynamicDebug' in register_types.obj
libgodot-cpp.windows.template_debug.x86_64.lib(plane.windows.template_debug.x86_64.obj) : error LNK2038: mismatch detected for '_ITERATOR_DEBUG_LEVEL': value '0' doesn't match value '2' in register_types.obj
libgodot-cpp.windows.template_debug.x86_64.lib(plane.windows.template_debug.x86_64.obj) : error LNK2038: mismatch detected for 'RuntimeLibrary': value 'MT_StaticRelease' doesn't match value 'MDd_DynamicDebug' in register_types.obj
libgodot-cpp.windows.template_debug.x86_64.lib(basis.windows.template_debug.x86_64.obj) : error LNK2038: mismatch detected for '_ITERATOR_DEBUG_LEVEL': value '0' doesn't match value '2' in register_types.obj
libgodot-cpp.windows.template_debug.x86_64.lib(basis.windows.template_debug.x86_64.obj) : error LNK2038: mismatch detected for 'RuntimeLibrary': value 'MT_StaticRelease' doesn't match value 'MDd_DynamicDebug' in register_types.obj
libgodot-cpp.windows.template_debug.x86_64.lib(vector3.windows.template_debug.x86_64.obj) : error LNK2038: mismatch detected for '_ITERATOR_DEBUG_LEVEL': value '0' doesn't match value '2' in register_types.obj
libgodot-cpp.windows.template_debug.x86_64.lib(vector3.windows.template_debug.x86_64.obj) : error LNK2038: mismatch detected for 'RuntimeLibrary': value 'MT_StaticRelease' doesn't match value 'MDd_DynamicDebug' in register_types.obj
libgodot-cpp.windows.template_debug.x86_64.lib(quaternion.windows.template_debug.x86_64.obj) : error LNK2038: mismatch detected for '_ITERATOR_DEBUG_LEVEL': value '0' doesn't match value '2' in register_types.obj
libgodot-cpp.windows.template_debug.x86_64.lib(quaternion.windows.template_debug.x86_64.obj) : error LNK2038: mismatch detected for 'RuntimeLibrary': value 'MT_StaticRelease' doesn't match value 'MDd_DynamicDebug' in register_types.obj
     Creating library C:/msys64/home/chuel/gd_videoplayer/project/addons/example/bin/Debug/VideoPlayer.lib and object C:/msys64/home/chuel/gd_videoplayer/project/addons/example/bin/Debug/VideoPlayer.exp
LINK : warning LNK4098: defaultlib 'LIBCMT' conflicts with use of other libs; use /NODEFAULTLIB:library
C:\msys64\home\chuel\gd_videoplayer\project\addons\example\bin\Debug\VideoPlayer.dll : fatal error LNK1319: 242 mismatches detected
